<?xml version="1.0" encoding="UTF-8"?>
<testsuite xmlns:xsi="http://www.w3.org/2001/XMLSchema-instance" xsi:noNamespaceSchemaLocation="https://maven.apache.org/surefire/maven-surefire-plugin/xsd/surefire-test-report-3.0.xsd" version="3.0" name="project3.RatingSummaryTest" time="0.054" tests="20" errors="0" skipped="4" failures="0">
  <properties>
[...]
</properties>
  <testcase name="createListTest" classname="project3.RatingSummaryTest" time="0.001"/>
  <testcase name="testSD2" classname="project3.RatingSummaryTest" time="0">
    <skipped message="void project3.RatingSummaryTest.testSD2() is @Disabled"/>
  </testcase>
  <testcase name="testRawRatings" classname="project3.RatingSummaryTest" time="0">
    <skipped message="void project3.RatingSummaryTest.testRawRatings() is @Disabled"/>
  </testcase>
  <testcase name="calculateSDTest" classname="project3.RatingSummaryTest" time="0.009"/>
  <testcase name="testAvg1" classname="project3.RatingSummaryTest" time="0.001"/>
  <testcase name="testAvg2" classname="project3.RatingSummaryTest" time="0.001"/>
  <testcase name="testAvg3" classname="project3.RatingSummaryTest" time="0.001"/>
  <testcase name="testAvg4" classname="project3.RatingSummaryTest" time="0">
    <skipped message="void project3.RatingSummaryTest.testAvg4() is @Disabled"/>
  </testcase>
  <testcase name="testConstructor3" classname="project3.RatingSummaryTest" time="0.001"/>
  <testcase name="getListTest" classname="project3.RatingSummaryTest" time="0.001"/>
  <testcase name="stDevScoreTest" classname="project3.RatingSummaryTest" time="0.001"/>
  <testcase name="getDegreeTest" classname="project3.RatingSummaryTest" time="0.001"/>
  <testcase name="getIDTest" classname="project3.RatingSummaryTest" time="0.003"/>
  <testcase name="toStringTest" classname="project3.RatingSummaryTest" time="0.002"/>
  <testcase name="collectProductStatsTest" classname="project3.RatingSummaryTest" time="0">
    <skipped message="void project3.RatingSummaryTest.collectProductStatsTest() is @Disabled"/>
  </testcase>
  <testcase name="createListTest2" classname="project3.RatingSummaryTest" time="0.001"/>
  <testcase name="getListNotNull" classname="project3.RatingSummaryTest" time="0.002"/>
  <testcase name="toStringTest2" classname="project3.RatingSummaryTest" time="0.001"/>
  <testcase name="sortStatsTest" classname="project3.RatingSummaryTest" time="0.002"/>
  <testcase name="calculateSDTest2" classname="project3.RatingSummaryTest" time="0.001"/>
</testsuite>